TN:
SF:/Users/efekarsidag/Desktop/hpsx-case/src/App.vue
FNF:0
FNH:0
DA:11,1
LF:1
LH:1
BRF:0
BRH:0
end_of_record
TN:
SF:/Users/efekarsidag/Desktop/hpsx-case/src/components/link-card.vue
FN:45,(anonymous_1)
FN:61,(anonymous_2)
FN:65,(anonymous_3)
FN:68,(anonymous_4)
FNF:4
FNH:4
FNDA:3,(anonymous_1)
FNDA:1,(anonymous_2)
FNDA:1,(anonymous_3)
FNDA:1,(anonymous_4)
DA:40,2
DA:41,2
DA:46,3
DA:62,1
DA:63,1
DA:66,1
DA:69,1
DA:70,1
DA:71,1
LF:9
LH:9
BRF:0
BRH:0
end_of_record
TN:
SF:/Users/efekarsidag/Desktop/hpsx-case/src/components/list-order-filter.vue
FN:11,(anonymous_1)
FN:17,(anonymous_2)
FNF:2
FNH:2
FNDA:1,(anonymous_1)
FNDA:1,(anonymous_2)
DA:12,1
DA:18,1
LF:2
LH:2
BRF:0
BRH:0
end_of_record
TN:
SF:/Users/efekarsidag/Desktop/hpsx-case/src/components/atomic/modal.vue
FNF:0
FNH:0
DA:14,3
LF:1
LH:1
BRF:0
BRH:0
end_of_record
TN:
SF:/Users/efekarsidag/Desktop/hpsx-case/src/components/atomic/pagination.vue
FN:12,(anonymous_1)
FN:22,(anonymous_2)
FN:26,(anonymous_3)
FN:31,(anonymous_4)
FN:36,(anonymous_5)
FN:41,(anonymous_6)
FN:44,(anonymous_7)
FN:47,(anonymous_8)
FNF:8
FNH:8
FNDA:10,(anonymous_1)
FNDA:10,(anonymous_2)
FNDA:2,(anonymous_3)
FNDA:2,(anonymous_4)
FNDA:11,(anonymous_5)
FNDA:1,(anonymous_6)
FNDA:4,(anonymous_7)
FNDA:1,(anonymous_8)
DA:13,10
DA:23,10
DA:27,2
DA:28,1
DA:32,2
DA:33,1
DA:37,11
DA:42,1
DA:45,4
DA:48,1
LF:10
LH:10
BRDA:27,0,0,1
BRDA:27,0,1,1
BRDA:32,1,0,1
BRDA:32,1,1,1
BRF:4
BRH:4
end_of_record
TN:
SF:/Users/efekarsidag/Desktop/hpsx-case/src/components/atomic/toastr.vue
FN:11,(anonymous_1)
FN:25,(anonymous_2)
FN:27,(anonymous_3)
FNF:3
FNH:3
FNDA:1,(anonymous_1)
FNDA:1,(anonymous_2)
FNDA:1,(anonymous_3)
DA:12,1
DA:26,1
DA:27,1
DA:28,1
LF:4
LH:4
BRF:0
BRH:0
end_of_record
TN:
SF:/Users/efekarsidag/Desktop/hpsx-case/src/views/add-link/add-link.vue
FN:28,(anonymous_1)
FN:40,(anonymous_2)
FNF:2
FNH:2
FNDA:1,(anonymous_1)
FNDA:1,(anonymous_2)
DA:20,1
DA:21,1
DA:22,1
DA:23,1
DA:29,1
DA:41,1
DA:47,1
DA:48,1
DA:52,1
LF:9
LH:9
BRF:0
BRH:0
end_of_record
TN:
SF:/Users/efekarsidag/Desktop/hpsx-case/src/views/list-link/list-link.vue
FN:29,(anonymous_1)
FN:38,(anonymous_2)
FN:43,(anonymous_3)
FN:46,(anonymous_4)
FN:51,(anonymous_5)
FN:56,(anonymous_6)
FN:63,(anonymous_7)
FN:67,(anonymous_8)
FN:74,(anonymous_9)
FN:78,(anonymous_10)
FN:81,(anonymous_11)
FN:84,(anonymous_12)
FNF:12
FNH:12
FNDA:9,(anonymous_1)
FNDA:9,(anonymous_2)
FNDA:17,(anonymous_3)
FNDA:9,(anonymous_4)
FNDA:4,(anonymous_5)
FNDA:4,(anonymous_6)
FNDA:1,(anonymous_7)
FNDA:96,(anonymous_8)
FNDA:99,(anonymous_9)
FNDA:4,(anonymous_10)
FNDA:86,(anonymous_11)
FNDA:72,(anonymous_12)
DA:20,1
DA:21,1
DA:22,1
DA:23,1
DA:24,1
DA:30,9
DA:39,9
DA:40,9
DA:44,17
DA:46,9
DA:47,9
DA:49,9
DA:51,4
DA:52,4
DA:54,4
DA:56,4
DA:57,4
DA:59,4
DA:61,17
DA:64,1
DA:65,1
DA:68,96
DA:69,96
DA:74,99
DA:79,4
DA:82,86
DA:85,72
DA:86,1
LF:28
LH:28
BRDA:45,0,0,9
BRDA:45,0,1,4
BRDA:45,0,2,4
BRDA:52,1,0,2
BRDA:52,1,1,2
BRDA:57,2,0,2
BRDA:57,2,1,2
BRDA:68,3,0,96
BRDA:68,3,1,8
BRDA:85,4,0,1
BRDA:85,4,1,71
BRF:11
BRH:11
end_of_record
